08/01 09:48:51  INFO com.intellij.internal.statistic.uploader - Process started with '--ide-token /home/kutwa/.cache/JetBrains/PyCharmCE2024.3/token --recorders FUS;MP;IJ_MAP;ML --device-fus 08012531ea1712f-5ecd-4744-aeb9-e67bec1c6153 --bucket-fus 149 --machine-fus f6e3c049983bc8ad22808d1ee06e8d0c4af223ff3a6604a7e87312e03aef9a57 --id-revision-fus 0 --files-fus /home/kutwa/.cache/JetBrains/PyCharmCE2024.3/event-log-data/logs/FUS/13b3-47b6-a47a-09b142ae66c1-243.22562.180-release.log:/home/kutwa/.cache/JetBrains/PyCharmCE2024.3/event-log-data/logs/FUS/fa60-4ffe-a664-4ea9e020f878-243.22562.180-release.log --escape-fus false --device-mp 08012535f4afe49-36e2-4b7c-92b8-ebf8ae7364a8 --bucket-mp 152 --machine-mp 8032b3550fed6d7ea408415e5be5be7b35cf3f7a324347f5068b78062cdf06f7 --id-revision-mp 0 --files-mp /home/kutwa/.cache/JetBrains/PyCharmCE2024.3/event-log-data/logs/MP/6a83-4b0e-95ab-381f0fc63946-243.22562.180-release.log --escape-mp false --device-ij_map 08012531ea1712f-5ecd-4744-aeb9-e67bec1c6153 --bucket-ij_map 149 --machine-ij_map f6e3c049983bc8ad22808d1ee06e8d0c4af223ff3a6604a7e87312e03aef9a57 --id-revision-ij_map 0 --files-ij_map /home/kutwa/.cache/JetBrains/PyCharmCE2024.3/event-log-data/logs/IJ_MAP/b187-4609-a052-28461f89a14d-243.22562.180-release.log:/home/kutwa/.cache/JetBrains/PyCharmCE2024.3/event-log-data/logs/IJ_MAP/b6ab-42cd-aaea-b41c80dd2e5f-243.22562.180-release.log:/home/kutwa/.cache/JetBrains/PyCharmCE2024.3/event-log-data/logs/IJ_MAP/b782-4b0f-be4f-d8a8742a70fb-243.22562.180-release.log --escape-ij_map false --device-ml 08012531ea1712f-5ecd-4744-aeb9-e67bec1c6153 --bucket-ml 149 --machine-ml f6e3c049983bc8ad22808d1ee06e8d0c4af223ff3a6604a7e87312e03aef9a57 --id-revision-ml 0 --files-ml /home/kutwa/.cache/JetBrains/PyCharmCE2024.3/event-log-data/logs/ML/3a7a-4fb4-b840-edf59a75dd7f-243.22562.180-release.log --escape-ml false --url https://resources.jetbrains.com/storage/fus/config/v4/%s/%s.json --product PC --product-version 2024.3.1 --baseline-version 243 --user-agent PyCharm/243.22562.180 --extra-headers '
08/01 09:48:51  INFO com.intellij.internal.statistic.uploader - Classpath:/snap/pycharm-community/439/lib/util-8.jar:/snap/pycharm-community/439/lib/annotations.jar:/snap/pycharm-community/439/lib/lib-client.jar:/snap/pycharm-community/439/lib/stats.jar
08/01 09:48:51  INFO com.intellij.internal.statistic.uploader.events - 1736318931818 STARTED ALL
08/01 09:48:51  INFO com.intellij.internal.statistic.uploader - IDE token file: /home/kutwa/.cache/JetBrains/PyCharmCE2024.3/token
08/01 09:48:51  INFO com.intellij.internal.statistic.uploader - [FUS] Start uploading...
08/01 09:48:51  INFO com.intellij.internal.statistic.uploader - [MP] Start uploading...
08/01 09:48:51  INFO com.intellij.internal.statistic.uploader - [IJ_MAP] Start uploading...
08/01 09:48:51  INFO com.intellij.internal.statistic.uploader - [ML] Start uploading...
08/01 09:48:51  INFO com.intellij.internal.statistic.uploader - [ML] {product:PC, productVersion:2024.3.1, userAgent:PyCharm/243.22562.180(External), url: https://resources.jetbrains.com/storage/fus/config/v4/%s/%s.json, internal:false, isTestConfig:false, isTestSendEndpoint:false}
08/01 09:48:51  INFO com.intellij.internal.statistic.uploader - [IJ_MAP] {product:PC, productVersion:2024.3.1, userAgent:PyCharm/243.22562.180(External), url: https://resources.jetbrains.com/storage/fus/config/v4/%s/%s.json, internal:false, isTestConfig:false, isTestSendEndpoint:false}
08/01 09:48:51  INFO com.intellij.internal.statistic.uploader - [MP] {product:PC, productVersion:2024.3.1, userAgent:PyCharm/243.22562.180(External), url: https://resources.jetbrains.com/storage/fus/config/v4/%s/%s.json, internal:false, isTestConfig:false, isTestSendEndpoint:false}
08/01 09:48:51  INFO com.intellij.internal.statistic.uploader - [FUS] {product:PC, productVersion:2024.3.1, userAgent:PyCharm/243.22562.180(External), url: https://resources.jetbrains.com/storage/fus/config/v4/%s/%s.json, internal:false, isTestConfig:false, isTestSendEndpoint:false}
08/01 09:48:51  INFO com.intellij.internal.statistic.uploader - [IJ_MAP] {recorder:IJ_MAP, files:/home/kutwa/.cache/JetBrains/PyCharmCE2024.3/event-log-data/logs/IJ_MAP/b187-4609-a052-28461f89a14d-243.22562.180-release.log:/home/kutwa/.cache/JetBrains/PyCharmCE2024.3/event-log-data/logs/IJ_MAP/b6ab-42cd-aaea-b41c80dd2e5f-243.22562.180-release.log:/home/kutwa/.cache/JetBrains/PyCharmCE2024.3/event-log-data/logs/IJ_MAP/b782-4b0f-be4f-d8a8742a70fb-243.22562.180-release.log}
08/01 09:48:51  INFO com.intellij.internal.statistic.uploader - [FUS] {recorder:FUS, files:/home/kutwa/.cache/JetBrains/PyCharmCE2024.3/event-log-data/logs/FUS/13b3-47b6-a47a-09b142ae66c1-243.22562.180-release.log:/home/kutwa/.cache/JetBrains/PyCharmCE2024.3/event-log-data/logs/FUS/fa60-4ffe-a664-4ea9e020f878-243.22562.180-release.log}
08/01 09:48:51  INFO com.intellij.internal.statistic.uploader - [MP] {recorder:MP, files:/home/kutwa/.cache/JetBrains/PyCharmCE2024.3/event-log-data/logs/MP/6a83-4b0e-95ab-381f0fc63946-243.22562.180-release.log}
08/01 09:48:51  INFO com.intellij.internal.statistic.uploader - [ML] {recorder:ML, files:/home/kutwa/.cache/JetBrains/PyCharmCE2024.3/event-log-data/logs/ML/3a7a-4fb4-b840-edf59a75dd7f-243.22562.180-release.log}
08/01 09:48:51  INFO com.intellij.internal.statistic.uploader - [ML] {device:08012531ea1712f-5ecd-4744-aeb9-e67bec1c6153, bucket:149}
08/01 09:48:51  INFO com.intellij.internal.statistic.uploader - [IJ_MAP] {device:08012531ea1712f-5ecd-4744-aeb9-e67bec1c6153, bucket:149}
08/01 09:48:51  INFO com.intellij.internal.statistic.uploader - [MP] {device:08012535f4afe49-36e2-4b7c-92b8-ebf8ae7364a8, bucket:152}
08/01 09:48:51  INFO com.intellij.internal.statistic.uploader - [FUS] {device:08012531ea1712f-5ecd-4744-aeb9-e67bec1c6153, bucket:149}
08/01 09:48:54 FINER com.intellij.internal.statistic.uploader - b187-4609-a052-28461f89a14d-243.22562.180-release.log -> ""
08/01 09:48:54 FINER com.intellij.internal.statistic.uploader - 6a83-4b0e-95ab-381f0fc63946-243.22562.180-release.log -> ""
08/01 09:48:54 FINER com.intellij.internal.statistic.uploader - Removed sent log: 6a83-4b0e-95ab-381f0fc63946-243.22562.180-release.log
08/01 09:48:54 FINER com.intellij.internal.statistic.uploader - 3a7a-4fb4-b840-edf59a75dd7f-243.22562.180-release.log -> ""
08/01 09:48:54 FINER com.intellij.internal.statistic.uploader - Removed sent log: 3a7a-4fb4-b840-edf59a75dd7f-243.22562.180-release.log
08/01 09:48:54  INFO com.intellij.internal.statistic.uploader.events - 1736318934604 SEND ML 1 0 1 [L2hvbWUva3V0d2EvLmNhY2hlL0pldEJyYWlucy9QeUNoYXJtQ0UyMDI0LjMvZXZlbnQtbG9nLWRhdGEvbG9ncy9NTC8zYTdhLTRmYjQtYjg0MC1lZGY1OWE3NWRkN2YtMjQzLjIyNTYyLjE4MC1yZWxlYXNlLmxvZw==] []
08/01 09:48:54  INFO com.intellij.internal.statistic.uploader.events - 1736318934589 SEND MP 1 0 1 [L2hvbWUva3V0d2EvLmNhY2hlL0pldEJyYWlucy9QeUNoYXJtQ0UyMDI0LjMvZXZlbnQtbG9nLWRhdGEvbG9ncy9NUC82YTgzLTRiMGUtOTVhYi0zODFmMGZjNjM5NDYtMjQzLjIyNTYyLjE4MC1yZWxlYXNlLmxvZw==] []
08/01 09:48:54  INFO com.intellij.internal.statistic.uploader.events - 1736318934656 FINISHED ML
08/01 09:48:54  INFO com.intellij.internal.statistic.uploader.events - 1736318934662 FINISHED MP
08/01 09:48:54 FINER com.intellij.internal.statistic.uploader - [ML] Uploading finished with SEND
08/01 09:48:54 FINER com.intellij.internal.statistic.uploader - [MP] Uploading finished with SEND
08/01 09:48:54 FINER com.intellij.internal.statistic.uploader - [ML] Uploaded 1 files.
08/01 09:48:54 FINER com.intellij.internal.statistic.uploader - [MP] Uploaded 1 files.
08/01 09:48:55 FINER com.intellij.internal.statistic.uploader - b6ab-42cd-aaea-b41c80dd2e5f-243.22562.180-release.log -> ""
08/01 09:48:55 FINER com.intellij.internal.statistic.uploader - b782-4b0f-be4f-d8a8742a70fb-243.22562.180-release.log -> ""
08/01 09:48:55 FINER com.intellij.internal.statistic.uploader - Removed sent log: b187-4609-a052-28461f89a14d-243.22562.180-release.log
08/01 09:48:55 FINER com.intellij.internal.statistic.uploader - Removed sent log: b6ab-42cd-aaea-b41c80dd2e5f-243.22562.180-release.log
08/01 09:48:55 FINER com.intellij.internal.statistic.uploader - Removed sent log: b782-4b0f-be4f-d8a8742a70fb-243.22562.180-release.log
08/01 09:48:55 FINER com.intellij.internal.statistic.uploader - 13b3-47b6-a47a-09b142ae66c1-243.22562.180-release.log -> ""
08/01 09:48:55  INFO com.intellij.internal.statistic.uploader.events - 1736318935809 SEND IJ_MAP 3 0 3 [L2hvbWUva3V0d2EvLmNhY2hlL0pldEJyYWlucy9QeUNoYXJtQ0UyMDI0LjMvZXZlbnQtbG9nLWRhdGEvbG9ncy9JSl9NQVAvYjE4Ny00NjA5LWEwNTItMjg0NjFmODlhMTRkLTI0My4yMjU2Mi4xODAtcmVsZWFzZS5sb2c=,L2hvbWUva3V0d2EvLmNhY2hlL0pldEJyYWlucy9QeUNoYXJtQ0UyMDI0LjMvZXZlbnQtbG9nLWRhdGEvbG9ncy9JSl9NQVAvYjZhYi00MmNkLWFhZWEtYjQxYzgwZGQyZTVmLTI0My4yMjU2Mi4xODAtcmVsZWFzZS5sb2c=,L2hvbWUva3V0d2EvLmNhY2hlL0pldEJyYWlucy9QeUNoYXJtQ0UyMDI0LjMvZXZlbnQtbG9nLWRhdGEvbG9ncy9JSl9NQVAvYjc4Mi00YjBmLWJlNGYtZDhhODc0MmE3MGZiLTI0My4yMjU2Mi4xODAtcmVsZWFzZS5sb2c=] []
08/01 09:48:55  INFO com.intellij.internal.statistic.uploader.events - 1736318935817 FINISHED IJ_MAP
08/01 09:48:55 FINER com.intellij.internal.statistic.uploader - [IJ_MAP] Uploading finished with SEND
08/01 09:48:55 FINER com.intellij.internal.statistic.uploader - [IJ_MAP] Uploaded 3 files.
08/01 09:48:56 FINER com.intellij.internal.statistic.uploader - fa60-4ffe-a664-4ea9e020f878-243.22562.180-release.log -> ""
08/01 09:48:56 FINER com.intellij.internal.statistic.uploader - Removed sent log: 13b3-47b6-a47a-09b142ae66c1-243.22562.180-release.log
08/01 09:48:56 FINER com.intellij.internal.statistic.uploader - Removed sent log: fa60-4ffe-a664-4ea9e020f878-243.22562.180-release.log
08/01 09:48:56  INFO com.intellij.internal.statistic.uploader.events - 1736318936996 SEND FUS 2 0 2 [L2hvbWUva3V0d2EvLmNhY2hlL0pldEJyYWlucy9QeUNoYXJtQ0UyMDI0LjMvZXZlbnQtbG9nLWRhdGEvbG9ncy9GVVMvMTNiMy00N2I2LWE0N2EtMDliMTQyYWU2NmMxLTI0My4yMjU2Mi4xODAtcmVsZWFzZS5sb2c=,L2hvbWUva3V0d2EvLmNhY2hlL0pldEJyYWlucy9QeUNoYXJtQ0UyMDI0LjMvZXZlbnQtbG9nLWRhdGEvbG9ncy9GVVMvZmE2MC00ZmZlLWE2NjQtNGVhOWUwMjBmODc4LTI0My4yMjU2Mi4xODAtcmVsZWFzZS5sb2c=] []
08/01 09:48:57  INFO com.intellij.internal.statistic.uploader.events - 1736318937000 FINISHED FUS
08/01 09:48:57 FINER com.intellij.internal.statistic.uploader - [FUS] Uploading finished with SEND
08/01 09:48:57 FINER com.intellij.internal.statistic.uploader - [FUS] Uploaded 2 files.
